[Thu Jan 19 19:55:01.808315 2017] [ssl:warn] [pid 7800:tid 588] AH01909: www.example.com:443:0 server certificate does NOT include an ID which matches the server name
[Thu Jan 19 19:55:02.365806 2017] [ssl:warn] [pid 7800:tid 588] AH01909: www.example.com:443:0 server certificate does NOT include an ID which matches the server name
[Thu Jan 19 19:55:02.567334 2017] [mpm_winnt:notice] [pid 7800:tid 588] AH00455: Apache/2.4.23 (Win32) OpenSSL/1.0.2h PHP/5.6.28 configured -- resuming normal operations
[Thu Jan 19 19:55:02.567334 2017] [mpm_winnt:notice] [pid 7800:tid 588] AH00456: Apache Lounge VC11 Server built: Jul  7 2016 11:13:22
[Thu Jan 19 19:55:02.567334 2017] [core:notice] [pid 7800:tid 588] AH00094: Command line: 'c:\\xampp\\apache\\bin\\httpd.exe -d C:/xampp/apache'
[Thu Jan 19 19:55:02.572348 2017] [mpm_winnt:notice] [pid 7800:tid 588] AH00418: Parent: Created child process 7956
[Thu Jan 19 19:55:04.332835 2017] [ssl:warn] [pid 7956:tid 564] AH01909: www.example.com:443:0 server certificate does NOT include an ID which matches the server name
[Thu Jan 19 19:55:04.901346 2017] [ssl:warn] [pid 7956:tid 564] AH01909: www.example.com:443:0 server certificate does NOT include an ID which matches the server name
[Thu Jan 19 19:55:05.011645 2017] [mpm_winnt:notice] [pid 7956:tid 564] AH00354: Child: Starting 150 worker threads.
[Thu Jan 19 20:45:23.927396 2017] [:error] [pid 7956:tid 1896] [client ::1:6911] PHP Parse error:  syntax error, unexpected '}' in C:\\xampp\\htdocs\\helloworld.php on line 11
[Thu Jan 19 20:45:33.938553 2017] [:error] [pid 7956:tid 1896] [client ::1:6912] PHP Notice:  Trying to get property of non-object in C:\\xampp\\htdocs\\helloworld.php on line 9
[Thu Jan 19 20:48:45.890045 2017] [:error] [pid 7956:tid 1896] [client ::1:6969] PHP Warning:  mysql_close() expects parameter 1 to be resource, object given in C:\\xampp\\htdocs\\helloworld.php on line 15
[Thu Jan 19 20:53:14.135151 2017] [:error] [pid 7956:tid 1896] [client ::1:7015] PHP Warning:  mysqli_prepare() expects exactly 2 parameters, 1 given in C:\\xampp\\htdocs\\helloworld.php on line 15
[Thu Jan 19 20:53:14.135151 2017] [:error] [pid 7956:tid 1896] [client ::1:7015] PHP Fatal error:  Call to a member function execute() on null in C:\\xampp\\htdocs\\helloworld.php on line 16
[Thu Jan 19 20:53:37.709979 2017] [:error] [pid 7956:tid 1896] [client ::1:7019] PHP Fatal error:  Call to a member function execute() on boolean in C:\\xampp\\htdocs\\helloworld.php on line 16
[Thu Jan 19 22:03:26.252596 2017] [:error] [pid 7956:tid 1904] [client ::1:9068] PHP Parse error:  syntax error, unexpected 'die' (T_EXIT), expecting ',' or ';' in C:\\xampp\\htdocs\\helloworld.php on line 11
[Thu Jan 19 22:06:05.990424 2017] [:error] [pid 7956:tid 1892] [client ::1:9201] PHP Fatal error:  Uncaught exception 'mysqli_sql_exception' with message 'No database selected' in C:\\xampp\\htdocs\\helloworld.php:18\nStack trace:\n#0 C:\\xampp\\htdocs\\helloworld.php(18): mysqli_prepare(Object(mysqli), 'SELECT * FROM `...')\n#1 {main}\n  thrown in C:\\xampp\\htdocs\\helloworld.php on line 18
[Thu Jan 19 22:09:04.082319 2017] [:error] [pid 7956:tid 1892] [client ::1:9350] PHP Parse error:  syntax error, unexpected '$query' (T_VARIABLE) in C:\\xampp\\htdocs\\helloworld.php on line 9
[Thu Jan 19 22:09:14.224920 2017] [:error] [pid 7956:tid 1892] [client ::1:9352] PHP Fatal error:  Uncaught exception 'mysqli_sql_exception' with message 'No index used in query/prepared statement SELECT * FROM `tasks`' in C:\\xampp\\htdocs\\helloworld.php:20\nStack trace:\n#0 C:\\xampp\\htdocs\\helloworld.php(20): mysqli_stmt_execute(Object(mysqli_stmt))\n#1 {main}\n  thrown in C:\\xampp\\htdocs\\helloworld.php on line 20
[Thu Jan 19 22:10:18.068091 2017] [:error] [pid 7956:tid 1892] [client ::1:9412] PHP Warning:  mysqli_stmt_bind_result(): Number of bind variables doesn't match number of fields in prepared statement in C:\\xampp\\htdocs\\helloworld.php on line 20
[Thu Jan 19 22:10:18.068591 2017] [:error] [pid 7956:tid 1892] [client ::1:9412] PHP Notice:  Undefined variable: stmt in C:\\xampp\\htdocs\\helloworld.php on line 21
[Thu Jan 19 22:10:18.069094 2017] [:error] [pid 7956:tid 1892] [client ::1:9412] PHP Warning:  mysqli_stmt_fetch() expects parameter 1 to be mysqli_stmt, null given in C:\\xampp\\htdocs\\helloworld.php on line 21
[Thu Jan 19 22:10:18.069094 2017] [:error] [pid 7956:tid 1892] [client ::1:9412] PHP Notice:  Undefined variable: stmt in C:\\xampp\\htdocs\\helloworld.php on line 24
[Thu Jan 19 22:10:18.069595 2017] [:error] [pid 7956:tid 1892] [client ::1:9412] PHP Warning:  mysqli_stmt_close() expects parameter 1 to be mysqli_stmt, null given in C:\\xampp\\htdocs\\helloworld.php on line 24
[Thu Jan 19 22:11:26.117063 2017] [:error] [pid 7956:tid 1892] [client ::1:9482] PHP Warning:  mysqli_stmt_bind_result(): Number of bind variables doesn't match number of fields in prepared statement in C:\\xampp\\htdocs\\helloworld.php on line 20
[Thu Jan 19 22:12:30.910831 2017] [:error] [pid 7956:tid 1892] [client ::1:9528] PHP Warning:  mysqli_stmt_bind_result(): Number of bind variables doesn't match number of fields in prepared statement in C:\\xampp\\htdocs\\helloworld.php on line 20
[Thu Jan 19 22:30:20.974912 2017] [:error] [pid 7956:tid 1892] [client ::1:10357] PHP Fatal error:  Uncaught exception 'mysqli_sql_exception' with message 'Operand should contain 1 column(s)' in C:\\xampp\\htdocs\\helloworld.php:18\nStack trace:\n#0 C:\\xampp\\htdocs\\helloworld.php(18): mysqli_prepare(Object(mysqli), 'SELECT (id, tit...')\n#1 {main}\n  thrown in C:\\xampp\\htdocs\\helloworld.php on line 18
[Thu Jan 19 22:30:51.549419 2017] [:error] [pid 7956:tid 1892] [client ::1:10390] PHP Fatal error:  Uncaught exception 'mysqli_sql_exception' with message 'Operand should contain 1 column(s)' in C:\\xampp\\htdocs\\helloworld.php:18\nStack trace:\n#0 C:\\xampp\\htdocs\\helloworld.php(18): mysqli_prepare(Object(mysqli), 'SELECT (id, tit...')\n#1 {main}\n  thrown in C:\\xampp\\htdocs\\helloworld.php on line 18
[Thu Jan 19 22:33:01.205662 2017] [:error] [pid 7956:tid 1892] [client ::1:10565] PHP Fatal error:  Uncaught exception 'mysqli_sql_exception' with message 'No index used in query/prepared statement SELECT id FROM `tasks`' in C:\\xampp\\htdocs\\helloworld.php:19\nStack trace:\n#0 C:\\xampp\\htdocs\\helloworld.php(19): mysqli_stmt_execute(Object(mysqli_stmt))\n#1 {main}\n  thrown in C:\\xampp\\htdocs\\helloworld.php on line 19
[Thu Jan 19 22:36:27.741340 2017] [:error] [pid 7956:tid 1892] [client ::1:10810] PHP Parse error:  syntax error, unexpected ')' in C:\\xampp\\htdocs\\helloworld.php on line 12
[Thu Jan 19 22:36:36.548463 2017] [:error] [pid 7956:tid 1892] [client ::1:10811] PHP Fatal error:  Uncaught exception 'mysqli_sql_exception' with message 'No index used in query/prepared statement SELECT id FROM `tasks`' in C:\\xampp\\htdocs\\helloworld.php:19\nStack trace:\n#0 C:\\xampp\\htdocs\\helloworld.php(19): mysqli_stmt_execute(Object(mysqli_stmt))\n#1 {main}\n  thrown in C:\\xampp\\htdocs\\helloworld.php on line 19
[Thu Jan 19 22:37:03.441397 2017] [:error] [pid 7956:tid 1892] [client ::1:10826] PHP Warning:  mysqli_stmt_bind_result(): Number of bind variables doesn't match number of fields in prepared statement in C:\\xampp\\htdocs\\helloworld.php on line 22
[Thu Jan 19 22:38:52.937036 2017] [:error] [pid 7956:tid 1900] [client ::1:10915] PHP Fatal error:  Call to undefined function mysqli_stmt_fetch_row() in C:\\xampp\\htdocs\\helloworld.php on line 19
[Thu Jan 19 22:39:05.588340 2017] [:error] [pid 7956:tid 1900] [client ::1:10917] PHP Notice:  Undefined variable: stmt in C:\\xampp\\htdocs\\helloworld.php on line 23
[Thu Jan 19 22:39:05.588841 2017] [:error] [pid 7956:tid 1900] [client ::1:10917] PHP Warning:  mysqli_stmt_close() expects parameter 1 to be mysqli_stmt, null given in C:\\xampp\\htdocs\\helloworld.php on line 23
[Thu Jan 19 22:43:47.593890 2017] [:error] [pid 7956:tid 1896] [client ::1:11250] PHP Warning:  mysqli_query(): Empty query in C:\\xampp\\htdocs\\helloworld.php on line 19
[Thu Jan 19 22:44:22.405703 2017] [:error] [pid 7956:tid 1896] [client ::1:11302] PHP Parse error:  syntax error, unexpected '<' in C:\\xampp\\htdocs\\helloworld.php on line 11
[Thu Jan 19 22:44:30.562422 2017] [:error] [pid 7956:tid 1896] [client ::1:11322] PHP Warning:  mysqli_query(): Empty query in C:\\xampp\\htdocs\\helloworld.php on line 21
[Thu Jan 19 22:44:49.375573 2017] [:error] [pid 7956:tid 1896] [client ::1:11340] PHP Warning:  mysqli_query(): Empty query in C:\\xampp\\htdocs\\helloworld.php on line 21
[Thu Jan 19 22:49:25.574365 2017] [:error] [pid 7956:tid 1896] [client ::1:11632] PHP Notice:  Undefined index: q in C:\\xampp\\htdocs\\helloworld.php on line 10
[Thu Jan 19 23:03:38.253290 2017] [:error] [pid 7956:tid 1896] [client ::1:12500] PHP Parse error:  syntax error, unexpected 'in' (T_STRING) in C:\\xampp\\htdocs\\helloworld.php on line 19
[Thu Jan 19 23:35:42.489413 2017] [:error] [pid 7956:tid 1900] [client ::1:14077] PHP Fatal error:  Call to undefined function array_in() in C:\\xampp\\htdocs\\helloworld.php on line 19
[Thu Jan 19 23:35:57.390998 2017] [:error] [pid 7956:tid 1900] [client ::1:14095] PHP Notice:  Array to string conversion in C:\\xampp\\htdocs\\helloworld.php on line 19
[Thu Jan 19 23:36:11.311178 2017] [:error] [pid 7956:tid 1900] [client ::1:14098] PHP Notice:  Array to string conversion in C:\\xampp\\htdocs\\helloworld.php on line 19
[Thu Jan 19 23:41:51.446870 2017] [:error] [pid 7956:tid 1900] [client ::1:14366] PHP Notice:  Undefined offset: 1 in C:\\xampp\\htdocs\\helloworld.php on line 34
[Thu Jan 19 23:41:51.446870 2017] [:error] [pid 7956:tid 1900] [client ::1:14366] PHP Notice:  Undefined offset: 2 in C:\\xampp\\htdocs\\helloworld.php on line 34
[Thu Jan 19 23:41:51.446870 2017] [:error] [pid 7956:tid 1900] [client ::1:14366] PHP Notice:  Undefined offset: 3 in C:\\xampp\\htdocs\\helloworld.php on line 34
[Thu Jan 19 23:41:51.447369 2017] [:error] [pid 7956:tid 1900] [client ::1:14366] PHP Notice:  Undefined offset: 4 in C:\\xampp\\htdocs\\helloworld.php on line 34
[Thu Jan 19 23:41:51.447369 2017] [:error] [pid 7956:tid 1900] [client ::1:14366] PHP Notice:  Undefined offset: 5 in C:\\xampp\\htdocs\\helloworld.php on line 34
[Thu Jan 19 23:43:45.552234 2017] [:error] [pid 7956:tid 1900] [client ::1:14465] PHP Notice:  Undefined offset: 1 in C:\\xampp\\htdocs\\helloworld.php on line 35
[Thu Jan 19 23:43:45.552234 2017] [:error] [pid 7956:tid 1900] [client ::1:14465] PHP Notice:  Undefined offset: 2 in C:\\xampp\\htdocs\\helloworld.php on line 35
[Thu Jan 19 23:43:45.552234 2017] [:error] [pid 7956:tid 1900] [client ::1:14465] PHP Notice:  Undefined offset: 3 in C:\\xampp\\htdocs\\helloworld.php on line 35
[Thu Jan 19 23:43:45.552734 2017] [:error] [pid 7956:tid 1900] [client ::1:14465] PHP Notice:  Undefined offset: 4 in C:\\xampp\\htdocs\\helloworld.php on line 35
[Thu Jan 19 23:43:45.552734 2017] [:error] [pid 7956:tid 1900] [client ::1:14465] PHP Notice:  Undefined offset: 5 in C:\\xampp\\htdocs\\helloworld.php on line 35
[Thu Jan 19 23:46:34.618646 2017] [:error] [pid 7956:tid 1900] [client ::1:14667] PHP Parse error:  syntax error, unexpected '}', expecting ',' or ';' in C:\\xampp\\htdocs\\helloworld.php on line 34
[Fri Jan 20 00:03:40.203501 2017] [:error] [pid 7956:tid 1888] [client ::1:1568] PHP Notice:  Undefined variable: table in C:\\xampp\\htdocs\\helloworld.php on line 26
[Fri Jan 20 00:03:40.204004 2017] [:error] [pid 7956:tid 1888] [client ::1:1568] PHP Notice:  Undefined variable: sql in C:\\xampp\\htdocs\\helloworld.php on line 14
[Fri Jan 20 00:03:40.204004 2017] [:error] [pid 7956:tid 1888] [client ::1:1568] PHP Warning:  mysqli_query() expects parameter 1 to be mysqli, null given in C:\\xampp\\htdocs\\helloworld.php on line 14
[Fri Jan 20 00:16:26.576951 2017] [:error] [pid 7956:tid 1888] [client ::1:2293] PHP Notice:  Undefined variable: sql in C:\\xampp\\htdocs\\helloworld.php on line 14
[Fri Jan 20 00:16:26.577452 2017] [:error] [pid 7956:tid 1888] [client ::1:2293] PHP Warning:  mysqli_query() expects parameter 1 to be mysqli, null given in C:\\xampp\\htdocs\\helloworld.php on line 14
[Fri Jan 20 00:16:34.806855 2017] [:error] [pid 7956:tid 1888] [client ::1:2295] PHP Notice:  Undefined variable: sql in C:\\xampp\\htdocs\\helloworld.php on line 14
[Fri Jan 20 00:16:34.807356 2017] [:error] [pid 7956:tid 1888] [client ::1:2295] PHP Warning:  mysqli_query() expects parameter 1 to be mysqli, null given in C:\\xampp\\htdocs\\helloworld.php on line 14
[Fri Jan 20 00:17:20.692671 2017] [:error] [pid 7956:tid 1888] [client ::1:2329] PHP Notice:  Undefined variable: v in C:\\xampp\\htdocs\\helloworld.php on line 31
[Fri Jan 20 00:17:20.692671 2017] [:error] [pid 7956:tid 1888] [client ::1:2329] PHP Notice:  Undefined variable: v in C:\\xampp\\htdocs\\helloworld.php on line 31
[Fri Jan 20 00:17:20.693206 2017] [:error] [pid 7956:tid 1888] [client ::1:2329] PHP Notice:  Undefined variable: v in C:\\xampp\\htdocs\\helloworld.php on line 31
[Fri Jan 20 00:17:20.693206 2017] [:error] [pid 7956:tid 1888] [client ::1:2329] PHP Notice:  Undefined variable: v in C:\\xampp\\htdocs\\helloworld.php on line 31
[Fri Jan 20 00:17:20.693206 2017] [:error] [pid 7956:tid 1888] [client ::1:2329] PHP Notice:  Undefined variable: v in C:\\xampp\\htdocs\\helloworld.php on line 31
[Fri Jan 20 00:17:20.693676 2017] [:error] [pid 7956:tid 1888] [client ::1:2329] PHP Notice:  Undefined variable: v in C:\\xampp\\htdocs\\helloworld.php on line 31
[Fri Jan 20 00:22:14.959765 2017] [:error] [pid 7956:tid 1904] [client ::1:2565] PHP Parse error:  syntax error, unexpected 'function' (T_FUNCTION) in C:\\xampp\\htdocs\\helloworld.php on line 25
[Fri Jan 20 00:23:42.966780 2017] [:error] [pid 7956:tid 1904] [client ::1:2613] PHP Parse error:  syntax error, unexpected '}' in C:\\xampp\\htdocs\\helloworld.php on line 61
[Fri Jan 20 00:23:53.450961 2017] [:error] [pid 7956:tid 1904] [client ::1:2631] PHP Parse error:  syntax error, unexpected ';' in C:\\xampp\\htdocs\\helloworld.php on line 61
[Fri Jan 20 00:24:03.810334 2017] [:error] [pid 7956:tid 1904] [client ::1:2643] PHP Warning:  mysqli_query() expects parameter 2 to be string, object given in C:\\xampp\\htdocs\\helloworld.php on line 28
[Fri Jan 20 19:08:56.755410 2017] [:error] [pid 7956:tid 1896] [client ::1:3905] PHP Parse error:  syntax error, unexpected '}' in C:\\xampp\\htdocs\\helloworld.php on line 22
[Fri Jan 20 19:20:56.986861 2017] [:error] [pid 7956:tid 1892] [client ::1:4611] PHP Parse error:  syntax error, unexpected ')', expecting variable (T_VARIABLE) in C:\\xampp\\htdocs\\helloworld.php on line 26
[Fri Jan 20 19:21:09.578962 2017] [:error] [pid 7956:tid 1892] [client ::1:4614] PHP Notice:  Undefined index: name in C:\\xampp\\htdocs\\helloworld.php on line 24
[Fri Jan 20 19:21:09.579965 2017] [:error] [pid 7956:tid 1892] [client ::1:4614] PHP Notice:  Undefined variable: owner in C:\\xampp\\htdocs\\helloworld.php on line 32
[Fri Jan 20 19:22:39.309317 2017] [:error] [pid 7956:tid 1892] [client ::1:4672] PHP Parse error:  syntax error, unexpected '(' in C:\\xampp\\htdocs\\helloworld.php on line 27
[Fri Jan 20 19:24:19.454174 2017] [:error] [pid 7956:tid 1892] [client ::1:4713] PHP Parse error:  syntax error, unexpected 'echo' (T_ECHO) in C:\\xampp\\htdocs\\helloworld.php on line 25
[Fri Jan 20 19:24:39.413227 2017] [:error] [pid 7956:tid 1892] [client ::1:4729] PHP Notice:  Undefined index: name in C:\\xampp\\htdocs\\helloworld.php on line 24
[Fri Jan 20 19:25:05.452591 2017] [:error] [pid 7956:tid 1892] [client ::1:4742] PHP Notice:  Undefined index: name in C:\\xampp\\htdocs\\helloworld.php on line 24
[Fri Jan 20 19:26:27.937154 2017] [:error] [pid 7956:tid 1892] [client ::1:4815] PHP Notice:  Undefined variable: owner in C:\\xampp\\htdocs\\helloworld.php on line 37, referer: http://localhost/login.php
[Fri Jan 20 19:29:00.276711 2017] [:error] [pid 7956:tid 1892] [client ::1:4947] PHP Notice:  Use of undefined constant row - assumed 'row' in C:\\xampp\\htdocs\\helloworld.php on line 34, referer: http://localhost/login.php
[Fri Jan 20 19:29:00.276711 2017] [:error] [pid 7956:tid 1892] [client ::1:4947] PHP Notice:  Use of undefined constant row - assumed 'row' in C:\\xampp\\htdocs\\helloworld.php on line 35, referer: http://localhost/login.php
[Fri Jan 20 19:29:14.317405 2017] [:error] [pid 7956:tid 1892] [client ::1:4960] PHP Fatal error:  Unsupported operand types in C:\\xampp\\htdocs\\helloworld.php on line 34, referer: http://localhost/login.php
[Fri Jan 20 19:29:19.892935 2017] [:error] [pid 7956:tid 1892] [client ::1:4971] PHP Notice:  Array to string conversion in C:\\xampp\\htdocs\\helloworld.php on line 34, referer: http://localhost/login.php
[Fri Jan 20 21:44:44.034765 2017] [:error] [pid 7956:tid 1900] [client ::1:10920] PHP Parse error:  syntax error, unexpected 'if' (T_IF) in C:\\xampp\\htdocs\\helloworld.php on line 58, referer: http://localhost/login.php
[Fri Jan 20 21:45:00.050551 2017] [:error] [pid 7956:tid 1900] [client ::1:10932] PHP Parse error:  syntax error, unexpected 'array_key_exists' (T_STRING) in C:\\xampp\\htdocs\\helloworld.php on line 58, referer: http://localhost/login.php
[Fri Jan 20 21:47:47.559499 2017] [:error] [pid 7956:tid 1900] [client ::1:11080] PHP Parse error:  syntax error, unexpected '$query' (T_VARIABLE), expecting ',' or ';' in C:\\xampp\\htdocs\\helloworld.php on line 74, referer: http://localhost/login.php
[Fri Jan 20 23:37:58.914358 2017] [:error] [pid 7956:tid 1896] [client ::1:1418] PHP Parse error:  syntax error, unexpected ')', expecting variable (T_VARIABLE) in C:\\xampp\\htdocs\\helloworld.php on line 80, referer: http://localhost/login.php
[Fri Jan 20 23:38:41.736472 2017] [:error] [pid 7956:tid 1896] [client ::1:1449] PHP Parse error:  syntax error, unexpected ';' in C:\\xampp\\htdocs\\helloworld.php on line 99, referer: http://localhost/login.php
[Fri Jan 20 23:38:58.194373 2017] [:error] [pid 7956:tid 1896] [client ::1:1450] PHP Notice:  Undefined variable: frac in C:\\xampp\\htdocs\\helloworld.php on line 81, referer: http://localhost/login.php
[Fri Jan 20 23:38:58.194874 2017] [:error] [pid 7956:tid 1896] [client ::1:1450] PHP Notice:  Undefined variable: frac in C:\\xampp\\htdocs\\helloworld.php on line 81, referer: http://localhost/login.php
[Fri Jan 20 23:38:58.195377 2017] [:error] [pid 7956:tid 1896] [client ::1:1450] PHP Notice:  Undefined variable: frac in C:\\xampp\\htdocs\\helloworld.php on line 81, referer: http://localhost/login.php
[Sat Jan 21 00:01:20.591154 2017] [:error] [pid 7956:tid 1896] [client ::1:2282] PHP Parse error:  syntax error, unexpected '=' in C:\\xampp\\htdocs\\helloworld.php on line 76, referer: http://localhost/login.php
[Sat Jan 21 00:28:43.449801 2017] [:error] [pid 7956:tid 1900] [client ::1:3433] PHP Parse error:  syntax error, unexpected '', '' (T_CONSTANT_ENCAPSED_STRING) in C:\\xampp\\htdocs\\helloworld.php on line 82, referer: http://localhost/login.php
[Sat Jan 21 00:29:06.695946 2017] [:error] [pid 7956:tid 1900] [client ::1:3443] PHP Notice:  Undefined variable: sql in C:\\xampp\\htdocs\\helloworld.php on line 8, referer: http://localhost/login.php
[Sat Jan 21 00:29:06.695946 2017] [:error] [pid 7956:tid 1900] [client ::1:3443] PHP Warning:  mysqli_real_escape_string() expects parameter 1 to be mysqli, null given in C:\\xampp\\htdocs\\helloworld.php on line 8, referer: http://localhost/login.php
[Sat Jan 21 12:58:19.560216 2017] [:error] [pid 7956:tid 1900] [client ::1:13814] PHP Parse error:  syntax error, unexpected ')' in C:\\xampp\\htdocs\\helloworld.php on line 99, referer: http://localhost/login.php
[Sat Jan 21 12:58:36.576656 2017] [:error] [pid 7956:tid 1900] [client ::1:13817] PHP Notice:  Use of undefined constant noop - assumed 'noop' in C:\\xampp\\htdocs\\helloworld.php on line 28, referer: http://localhost/login.php
[Sat Jan 21 12:58:36.578661 2017] [:error] [pid 7956:tid 1900] [client ::1:13817] PHP Notice:  Use of undefined constant noop - assumed 'noop' in C:\\xampp\\htdocs\\helloworld.php on line 28, referer: http://localhost/login.php
[Sat Jan 21 12:58:36.579664 2017] [:error] [pid 7956:tid 1900] [client ::1:13817] PHP Notice:  Undefined variable: rownumber in C:\\xampp\\htdocs\\helloworld.php on line 110, referer: http://localhost/login.php
[Sat Jan 21 12:58:54.496271 2017] [:error] [pid 7956:tid 1900] [client ::1:13836] PHP Parse error:  syntax error, unexpected '$noop' (T_VARIABLE) in C:\\xampp\\htdocs\\helloworld.php on line 28, referer: http://localhost/login.php
[Sat Jan 21 13:00:00.650469 2017] [:error] [pid 7956:tid 1900] [client ::1:13931] PHP Notice:  Undefined variable: rownumber in C:\\xampp\\htdocs\\helloworld.php on line 110, referer: http://localhost/login.php
[Sat Jan 21 13:00:49.513823 2017] [:error] [pid 7956:tid 1900] [client ::1:13949] PHP Parse error:  syntax error, unexpected 'rownumber' (T_STRING) in C:\\xampp\\htdocs\\helloworld.php on line 110, referer: http://localhost/login.php
[Sat Jan 21 14:41:31.187449 2017] [:error] [pid 7956:tid 1900] [client ::1:4083] PHP Parse error:  syntax error, unexpected '<' in C:\\xampp\\htdocs\\helloworld.php on line 56, referer: http://localhost/login.php
[Sat Jan 21 16:28:40.883156 2017] [:error] [pid 7956:tid 1900] [client ::1:8674] PHP Fatal error:  Call to undefined function query() in C:\\xampp\\htdocs\\helloworld.php on line 11, referer: http://localhost/login.php
[Sat Jan 21 16:29:13.225278 2017] [:error] [pid 7956:tid 1900] [client ::1:8700] PHP Fatal error:  Call to undefined function query() in C:\\xampp\\htdocs\\helloworld.php on line 11, referer: http://localhost/login.php
[Sat Jan 21 16:39:01.531518 2017] [:error] [pid 7956:tid 1900] [client ::1:9177] PHP Notice:  Undefined variable: selectAll in C:\\xampp\\htdocs\\helloworld.php on line 56, referer: http://localhost/login.php
[Sat Jan 21 16:39:01.532518 2017] [:error] [pid 7956:tid 1900] [client ::1:9177] PHP Warning:  mysqli_query(): Empty query in C:\\xampp\\htdocs\\query.php on line 31, referer: http://localhost/login.php
[Sat Jan 21 16:39:53.513936 2017] [:error] [pid 7956:tid 1900] [client ::1:9217] PHP Parse error:  syntax error, unexpected 'selectAll' (T_STRING), expecting variable (T_VARIABLE) or '$' in C:\\xampp\\htdocs\\helloworld.php on line 54, referer: http://localhost/login.php
[Sat Jan 21 18:12:43.079200 2017] [:error] [pid 7956:tid 1900] [client ::1:12778] PHP Parse error:  syntax error, unexpected 'query' (T_STRING) in C:\\xampp\\htdocs\\helloworld.php on line 39, referer: http://localhost/login.php
[Sat Jan 21 18:13:47.746330 2017] [:error] [pid 7956:tid 1900] [client ::1:12794] PHP Notice:  Undefined variable: description in C:\\xampp\\htdocs\\helloworld.php on line 33, referer: http://localhost/helloworld.php?name=T.+Paamayim+Nekudotayim
[Sat Jan 21 18:14:01.783569 2017] [:error] [pid 7956:tid 1900] [client ::1:12799] PHP Notice:  Undefined variable: decript in C:\\xampp\\htdocs\\helloworld.php on line 33, referer: http://localhost/helloworld.php?name=T.+Paamayim+Nekudotayim
[Sat Jan 21 18:16:01.656262 2017] [:error] [pid 7956:tid 1900] [client ::1:12905] PHP Warning:  mysqli_fetch_row() expects parameter 1 to be mysqli_result, boolean given in C:\\xampp\\htdocs\\query.php on line 32, referer: http://localhost/helloworld.php?name=T.+Paamayim+Nekudotayim
[Sat Jan 21 18:16:48.834590 2017] [:error] [pid 7956:tid 1900] [client ::1:12928] PHP Warning:  mysqli_fetch_row() expects parameter 1 to be mysqli_result, boolean given in C:\\xampp\\htdocs\\query.php on line 32, referer: http://localhost/helloworld.php?name=T.+Paamayim+Nekudotayim
[Sat Jan 21 18:18:00.396181 2017] [:error] [pid 7956:tid 1900] [client ::1:12960] PHP Catchable fatal error:  Object of class mysqli_result could not be converted to string in C:\\xampp\\htdocs\\query.php on line 32, referer: http://localhost/helloworld.php?name=T.+Paamayim+Nekudotayim
[Sat Jan 21 18:18:13.913482 2017] [:error] [pid 7956:tid 1900] [client ::1:12962] PHP Warning:  mysqli_fetch_row() expects parameter 1 to be mysqli_result, boolean given in C:\\xampp\\htdocs\\query.php on line 33, referer: http://localhost/helloworld.php?name=T.+Paamayim+Nekudotayim
[Sat Jan 21 18:18:40.888811 2017] [:error] [pid 7956:tid 1900] [client ::1:12993] PHP Parse error:  syntax error, unexpected 'if' (T_IF), expecting ',' or ';' in C:\\xampp\\htdocs\\query.php on line 32, referer: http://localhost/helloworld.php?name=T.+Paamayim+Nekudotayim
[Sat Jan 21 18:18:46.847364 2017] [:error] [pid 7956:tid 1900] [client ::1:12997] PHP Warning:  mysqli_fetch_row() expects parameter 1 to be mysqli_result, boolean given in C:\\xampp\\htdocs\\query.php on line 34, referer: http://localhost/helloworld.php?name=T.+Paamayim+Nekudotayim
[Sat Jan 21 18:23:09.330105 2017] [:error] [pid 7956:tid 1900] [client ::1:13143] PHP Notice:  Undefined variable: 2 in C:\\xampp\\htdocs\\helloworld.php on line 45, referer: http://localhost/helloworld.php?name=T.+Paamayim+Nekudotayim&command=add&title=watch+lcs&status=to-do&duedate=2017-01-23T12%3A12&details=ok
[Sat Jan 21 18:23:34.943620 2017] [:error] [pid 7956:tid 1900] [client ::1:13166] PHP Notice:  Undefined variable: 2 in C:\\xampp\\htdocs\\helloworld.php on line 45, referer: http://localhost/helloworld.php?name=T.+Paamayim+Nekudotayim&command=add&title=watch+lcs&status=to-do&duedate=2017-01-23T12%3A12&details=ok
[Sat Jan 21 18:23:39.004015 2017] [:error] [pid 7956:tid 1900] [client ::1:13166] PHP Notice:  Undefined variable: 2 in C:\\xampp\\htdocs\\helloworld.php on line 45, referer: http://localhost/helloworld.php?name=T.+Paamayim+Nekudotayim&command=edit&rowNum=&colName=&value=&name=T.+Paamayim+Nekudotayim&command=delete&rownumber=2
[Sat Jan 21 18:23:42.807171 2017] [:error] [pid 7956:tid 1900] [client ::1:13166] PHP Notice:  Undefined variable: 2 in C:\\xampp\\htdocs\\helloworld.php on line 45, referer: http://localhost/helloworld.php?name=T.+Paamayim+Nekudotayim&command=edit&rowNum=&colName=&value=&name=T.+Paamayim+Nekudotayim&command=delete&rownumber=2
[Sat Jan 21 19:38:04.263730 2017] [:error] [pid 7956:tid 1900] [client ::1:2576] PHP Notice:  Undefined index: rownumber in C:\\xampp\\htdocs\\helloworld.php on line 46, referer: http://localhost/helloworld.php?name=T.+Paamayim+Nekudotayim&command=edit&rowNum=7&colName=title&value=do+homework&name=T.+Paamayim+Nekudotayim&command=delete&rownumber=
[Sat Jan 21 19:39:05.191658 2017] [:error] [pid 7956:tid 1900] [client ::1:2622] PHP Notice:  Undefined index: rownumber in C:\\xampp\\htdocs\\helloworld.php on line 45, referer: http://localhost/helloworld.php?name=T.+Paamayim+Nekudotayim&command=edit&rowNum=7&colName=title&value=do+homework&name=T.+Paamayim+Nekudotayim&command=delete&rownumber=
[Sun Jan 22 09:08:11.520939 2017] [:error] [pid 7956:tid 1900] [client ::1:4881] PHP Notice:  Undefined variable: ownerId in C:\\xampp\\htdocs\\helloworld.php on line 28, referer: http://localhost/login.php
[Sun Jan 22 09:15:43.811770 2017] [:error] [pid 7956:tid 1884] [client ::1:5081] PHP Fatal error:  Maximum execution time of 30 seconds exceeded in C:\\xampp\\htdocs\\query.php on line 31
[Sun Jan 22 09:16:52.958719 2017] [:error] [pid 7956:tid 1884] [client ::1:5101] PHP Fatal error:  Maximum execution time of 30 seconds exceeded in C:\\xampp\\htdocs\\query.php on line 32, referer: http://localhost/login.php
[Sun Jan 22 09:18:06.893255 2017] [:error] [pid 7956:tid 1884] [client ::1:5120] PHP Fatal error:  Maximum execution time of 30 seconds exceeded in C:\\xampp\\htdocs\\query.php on line 32, referer: http://localhost/login.php
